<?xml version="1.0" encoding="UTF-8"?>
<!-- Generated by org.testng.reporters.JUnitXMLReporter -->
<testsuite ignored="0" hostname="MC-S102299" failures="0" tests="17" name="Default test" time="15.455" errors="0" timestamp="2020-06-27T09:18:51 BST">
  <testcase classname="POM_Tests.AppleSearchTest2_testNG" name="appleLoginTest" time="1.499"/>
  <testcase classname="POM_Tests.AppleSearchTest2_testNG" name="appleLoginTest" time="0.662"/>
  <testcase classname="POM_Tests.AppleSearchTest2_testNG" name="appleLoginTest" time="0.572"/>
  <testcase classname="POM_Tests.AppleSearchTest2_testNG" name="appleLoginTest" time="0.488"/>
  <testcase classname="POM_Tests.AppleSearchTest2_testNG" name="appleLoginTest" time="0.571"/>
  <testcase classname="POM_Tests.AppleSearchTest2_testNG" name="appleLoginTest" time="0.645"/>
  <testcase classname="POM_Tests.AppleSearchTest2_testNG" name="appleLoginTest" time="0.563"/>
  <testcase classname="POM_Tests.AppleSearchTest2_testNG" name="appleLoginTest" time="0.62"/>
  <testcase classname="POM_Tests.AppleSearchTest2_testNG" name="appleLoginTest" time="0.602"/>
  <testcase classname="POM_Tests.AppleSearchTest2_testNG" name="appleLoginTest" time="0.626"/>
  <testcase classname="POM_Tests.AppleSearchTest2_testNG" name="appleLoginTest" time="0.566"/>
  <testcase classname="POM_Tests.AppleSearchTest2_testNG" name="appleLoginTest" time="0.705"/>
  <testcase classname="POM_Tests.AppleSearchTest2_testNG" name="appleLoginTest" time="0.564"/>
  <testcase classname="POM_Tests.AppleSearchTest2_testNG" name="appleLoginTest" time="0.661"/>
  <testcase classname="POM_Tests.AppleSearchTest2_testNG" name="appleLoginTest" time="0.57"/>
  <testcase classname="POM_Tests.AppleSearchTest2_testNG" name="appleLoginTest" time="0.646"/>
  <testcase classname="POM_Tests.AppleSearchTest2_testNG" name="appleSearchTest" time="2.447"/>
</testsuite> <!-- Default test -->
